{"level":"debug","ts":1616381620537,"caller":"transport/http.go:31","msg":"给请求添加uuid","UUID":"32fa1111-6056-5749-bcfa-96b2a5c48b99"}
{"level":"debug","ts":1616381620541,"caller":"req/showVO.go:31","msg":"32fa1111-6056-5749-bcfa-96b2a5c48b99"," 开始解析请求数据":{"appid":"0","where":"","order_by":"","page":0,"pageSize":5}}
{"level":"debug","ts":1616381620598,"caller":"service/ai_middleware_log.go:31","msg":"32fa1111-6056-5749-bcfa-96b2a5c48b99","调用 ShowAiDistort logMiddlewareServer":"ShowAiDistort","req":{"appid":"0","where":"","order_by":"","page":0,"pageSize":5},"res":{"aiDistorts":null,"pagination":{"page":0,"pageSize":0,"total":0,"totalPage":0}}}
{"level":"debug","ts":1616381620605,"caller":"endpoint/ai_middleware.go:19","msg":"32fa1111-6056-5749-bcfa-96b2a5c48b99","调用 endpoint LoggingMiddleware":"处理完请求","耗时毫秒":61}
{"level":"debug","ts":1616381985068,"caller":"AI/main.go:158","msg":"err: ","error":"interrupt"}
{"level":"debug","ts":1616383007452,"caller":"transport/http.go:31","msg":"给请求添加uuid","UUID":"76abd671-54c1-5b75-886b-31ef96f159c1"}
{"level":"debug","ts":1616383112410,"caller":"AI/main.go:158","msg":"err: ","error":"interrupt"}
{"level":"debug","ts":1616383322159,"caller":"transport/http.go:31","msg":"给请求添加uuid","UUID":"8e22dbec-36c1-5561-aa22-a57cb3828c65"}
{"level":"debug","ts":1616383351919,"caller":"transport/http.go:31","msg":"给请求添加uuid","UUID":"d28b929f-8f4e-5b22-8718-5fcc9b8ed361"}
{"level":"debug","ts":1616383449073,"caller":"transport/http.go:31","msg":"给请求添加uuid","UUID":"8ce23d1d-c0f3-5b14-b493-bd9941d0827f"}
{"level":"debug","ts":1616383449075,"caller":"req/addAiDistortVO.go:30","msg":"8ce23d1d-c0f3-5b14-b493-bd9941d0827f"," 开始解析请求数据":{"appid":10023,"domain":"www.2379.cn","Payload":"##aackd*","from":"op*","remark":"remark"}}
{"level":"debug","ts":1616383449125,"caller":"service/ai_middleware_log.go:38","msg":"8ce23d1d-c0f3-5b14-b493-bd9941d0827f","调用 AddAiDistort logMiddlewareServer":"AddAiDistort","req":{"appid":10023,"domain":"www.2379.cn","Payload":"##aackd*","from":"op*","remark":"remark"},"res":null}
{"level":"debug","ts":1616383449125,"caller":"endpoint/ai_middleware.go:19","msg":"8ce23d1d-c0f3-5b14-b493-bd9941d0827f","调用 endpoint LoggingMiddleware":"处理完请求","耗时毫秒":49}
{"level":"debug","ts":1616383449125,"caller":"res/ack.go:21","msg":"8ce23d1d-c0f3-5b14-b493-bd9941d0827f","请求结束封装返回值":{"isOk":true}}
{"level":"debug","ts":1616383470213,"caller":"transport/http.go:31","msg":"给请求添加uuid","UUID":"711bf5f4-de0c-58ef-8881-5573767ff48b"}
{"level":"debug","ts":1616383470214,"caller":"req/addAiDistortVO.go:30","msg":"711bf5f4-de0c-58ef-8881-5573767ff48b"," 开始解析请求数据":{"appid":100243233,"domain":"www.23daf79.cn","Payload":"##aacfdakd*","from":"opfda*","remark":"remark"}}
{"level":"debug","ts":1616383470221,"caller":"service/ai_middleware_log.go:38","msg":"711bf5f4-de0c-58ef-8881-5573767ff48b","调用 AddAiDistort logMiddlewareServer":"AddAiDistort","req":{"appid":100243233,"domain":"www.23daf79.cn","Payload":"##aacfdakd*","from":"opfda*","remark":"remark"},"res":null}
{"level":"debug","ts":1616383470221,"caller":"endpoint/ai_middleware.go:19","msg":"711bf5f4-de0c-58ef-8881-5573767ff48b","调用 endpoint LoggingMiddleware":"处理完请求","耗时毫秒":6}
{"level":"debug","ts":1616383470221,"caller":"res/ack.go:21","msg":"711bf5f4-de0c-58ef-8881-5573767ff48b","请求结束封装返回值":{"isOk":true}}
{"level":"debug","ts":1616383480719,"caller":"transport/http.go:31","msg":"给请求添加uuid","UUID":"9f20a2ee-9528-5936-828b-bf0d26ee58e9"}
{"level":"debug","ts":1616383480720,"caller":"req/addAiDistortVO.go:30","msg":"9f20a2ee-9528-5936-828b-bf0d26ee58e9"," 开始解析请求数据":{"appid":10024311233,"domain":"www.23daf7daf9.cn","Payload":"##aacfdafdafdkd*","from":"opfdafda*","remark":"remfdaark"}}
{"level":"debug","ts":1616383480732,"caller":"service/ai_middleware_log.go:38","msg":"9f20a2ee-9528-5936-828b-bf0d26ee58e9","调用 AddAiDistort logMiddlewareServer":"AddAiDistort","req":{"appid":10024311233,"domain":"www.23daf7daf9.cn","Payload":"##aacfdafdafdkd*","from":"opfdafda*","remark":"remfdaark"},"res":null}
{"level":"debug","ts":1616383480733,"caller":"endpoint/ai_middleware.go:19","msg":"9f20a2ee-9528-5936-828b-bf0d26ee58e9","调用 endpoint LoggingMiddleware":"处理完请求","耗时毫秒":12}
{"level":"debug","ts":1616383480733,"caller":"res/ack.go:21","msg":"9f20a2ee-9528-5936-828b-bf0d26ee58e9","请求结束封装返回值":{"isOk":true}}
{"level":"debug","ts":1616383493106,"caller":"transport/http.go:31","msg":"给请求添加uuid","UUID":"1999e864-4f45-598a-b66e-1d2cd727a82a"}
{"level":"debug","ts":1616383493106,"caller":"req/addAiDistortVO.go:30","msg":"1999e864-4f45-598a-b66e-1d2cd727a82a"," 开始解析请求数据":{"appid":1120024311233,"domain":"www.23dafdaf7daf9.cn","Payload":"##aacfdaffdadafdkd*","from":"opfdafdaffda*","remark":"remfdfafaaark"}}
{"level":"debug","ts":1616383493128,"caller":"service/ai_middleware_log.go:38","msg":"1999e864-4f45-598a-b66e-1d2cd727a82a","调用 AddAiDistort logMiddlewareServer":"AddAiDistort","req":{"appid":1120024311233,"domain":"www.23dafdaf7daf9.cn","Payload":"##aacfdaffdadafdkd*","from":"opfdafdaffda*","remark":"remfdfafaaark"},"res":null}
{"level":"debug","ts":1616383493128,"caller":"endpoint/ai_middleware.go:19","msg":"1999e864-4f45-598a-b66e-1d2cd727a82a","调用 endpoint LoggingMiddleware":"处理完请求","耗时毫秒":20}
{"level":"debug","ts":1616383493128,"caller":"res/ack.go:21","msg":"1999e864-4f45-598a-b66e-1d2cd727a82a","请求结束封装返回值":{"isOk":true}}
{"level":"debug","ts":1616383501847,"caller":"transport/http.go:31","msg":"给请求添加uuid","UUID":"01a14bc1-fb47-5fff-94f6-e963374e9871"}
{"level":"debug","ts":1616383501848,"caller":"req/addAiDistortVO.go:30","msg":"01a14bc1-fb47-5fff-94f6-e963374e9871"," 开始解析请求数据":{"appid":112001124311233,"domain":"www.23fdfsdafdaf7daf9.cn","Payload":"##aacffasfdaffdadafdkd*","from":"opfdafdadafffda*","remark":"remfdfafaaafafdrk"}}
{"level":"debug","ts":1616383501853,"caller":"service/ai_middleware_log.go:38","msg":"01a14bc1-fb47-5fff-94f6-e963374e9871","调用 AddAiDistort logMiddlewareServer":"AddAiDistort","req":{"appid":112001124311233,"domain":"www.23fdfsdafdaf7daf9.cn","Payload":"##aacffasfdaffdadafdkd*","from":"opfdafdadafffda*","remark":"remfdfafaaafafdrk"},"res":null}
{"level":"debug","ts":1616383501854,"caller":"endpoint/ai_middleware.go:19","msg":"01a14bc1-fb47-5fff-94f6-e963374e9871","调用 endpoint LoggingMiddleware":"处理完请求","耗时毫秒":5}
{"level":"debug","ts":1616383501854,"caller":"res/ack.go:21","msg":"01a14bc1-fb47-5fff-94f6-e963374e9871","请求结束封装返回值":{"isOk":true}}
{"level":"debug","ts":1616383744942,"caller":"transport/http.go:31","msg":"给请求添加uuid","UUID":"3f780361-12e2-50cd-9f7b-5228dcfb6801"}
{"level":"debug","ts":1616383744943,"caller":"req/showVO.go:31","msg":"3f780361-12e2-50cd-9f7b-5228dcfb6801"," 开始解析请求数据":{"appid":"0","where":"","order_by":"","page":0,"pageSize":-1}}
{"level":"debug","ts":1616383744948,"caller":"service/ai_middleware_log.go:31","msg":"3f780361-12e2-50cd-9f7b-5228dcfb6801","调用 ShowAiDistort logMiddlewareServer":"ShowAiDistort","req":{"appid":"0","where":"","order_by":"","page":0,"pageSize":20},"res":{"aiDistorts":null,"pagination":{"page":0,"pageSize":0,"total":0,"totalPage":0}}}
{"level":"debug","ts":1616383744950,"caller":"endpoint/ai_middleware.go:19","msg":"3f780361-12e2-50cd-9f7b-5228dcfb6801","调用 endpoint LoggingMiddleware":"处理完请求","耗时毫秒":6}
{"level":"debug","ts":1616383821572,"caller":"AI/main.go:158","msg":"err: ","error":"interrupt"}
{"level":"debug","ts":1616383891724,"caller":"transport/http.go:31","msg":"给请求添加uuid","UUID":"63758b3e-5cc0-5d97-a159-eb2b9b8d8a50"}
{"level":"debug","ts":1616383891725,"caller":"req/addAiDistortVO.go:30","msg":"63758b3e-5cc0-5d97-a159-eb2b9b8d8a50"," 开始解析请求数据":{"appid":"112001124311233","domain":"www.23fdfsdafdaf7daf9.cn","Payload":"##aacffasfdaffdadafdkd*","from":"opfdafdadafffda*","remark":"remfdfafaaafafdrk"}}
{"level":"debug","ts":1616383891781,"caller":"service/ai_middleware_log.go:38","msg":"63758b3e-5cc0-5d97-a159-eb2b9b8d8a50","调用 AddAiDistort logMiddlewareServer":"AddAiDistort","req":{"appid":"112001124311233","domain":"www.23fdfsdafdaf7daf9.cn","Payload":"##aacffasfdaffdadafdkd*","from":"opfdafdadafffda*","remark":"remfdfafaaafafdrk"},"res":null}
{"level":"debug","ts":1616383891782,"caller":"endpoint/ai_middleware.go:19","msg":"63758b3e-5cc0-5d97-a159-eb2b9b8d8a50","调用 endpoint LoggingMiddleware":"处理完请求","耗时毫秒":54}
{"level":"debug","ts":1616383891782,"caller":"res/ack.go:21","msg":"63758b3e-5cc0-5d97-a159-eb2b9b8d8a50","请求结束封装返回值":{"isOk":true}}
{"level":"debug","ts":1616383920832,"caller":"transport/http.go:31","msg":"给请求添加uuid","UUID":"5db0e4d8-4245-514a-8336-e1f1f3efd852"}
{"level":"debug","ts":1616383920832,"caller":"req/addAiDistortVO.go:30","msg":"5db0e4d8-4245-514a-8336-e1f1f3efd852"," 开始解析请求数据":{"appid":"112001321233","domain":"www.23fdfsdafdaf7daf9.cn","Payload":"##aacffasfdaff1dadafdkd*","from":"opfdafdadafffda*","remark":"xxxx"}}
{"level":"debug","ts":1616383920849,"caller":"service/ai_middleware_log.go:38","msg":"5db0e4d8-4245-514a-8336-e1f1f3efd852","调用 AddAiDistort logMiddlewareServer":"AddAiDistort","req":{"appid":"112001321233","domain":"www.23fdfsdafdaf7daf9.cn","Payload":"##aacffasfdaff1dadafdkd*","from":"opfdafdadafffda*","remark":"xxxx"},"res":null}
{"level":"debug","ts":1616383920849,"caller":"endpoint/ai_middleware.go:19","msg":"5db0e4d8-4245-514a-8336-e1f1f3efd852","调用 endpoint LoggingMiddleware":"处理完请求","耗时毫秒":16}
{"level":"debug","ts":1616383920850,"caller":"res/ack.go:21","msg":"5db0e4d8-4245-514a-8336-e1f1f3efd852","请求结束封装返回值":{"isOk":true}}
{"level":"debug","ts":1616384042455,"caller":"transport/http.go:31","msg":"给请求添加uuid","UUID":"f5d5d936-64c5-5630-ab31-e64a4a381ea1"}
{"level":"debug","ts":1616384042455,"caller":"req/showVO.go:31","msg":"f5d5d936-64c5-5630-ab31-e64a4a381ea1"," 开始解析请求数据":{"appid":"0","where":"","order_by":"","page":0,"pageSize":-1}}
{"level":"debug","ts":1616384049963,"caller":"transport/http.go:31","msg":"给请求添加uuid","UUID":"d44f5c68-9387-536e-b766-f9c6c36c6708"}
{"level":"debug","ts":1616384049963,"caller":"req/showVO.go:31","msg":"d44f5c68-9387-536e-b766-f9c6c36c6708"," 开始解析请求数据":{"appid":"0","where":"","order_by":"","page":0,"pageSize":20}}
{"level":"debug","ts":1616384049980,"caller":"service/ai_middleware_log.go:31","msg":"d44f5c68-9387-536e-b766-f9c6c36c6708","调用 ShowAiDistort logMiddlewareServer":"ShowAiDistort","req":{"appid":"0","where":"","order_by":"","page":0,"pageSize":20},"res":{"aiDistorts":null,"pagination":{"page":0,"pageSize":0,"total":0,"totalPage":0}}}
{"level":"debug","ts":1616384049982,"caller":"endpoint/ai_middleware.go:19","msg":"d44f5c68-9387-536e-b766-f9c6c36c6708","调用 endpoint LoggingMiddleware":"处理完请求","耗时毫秒":17}
{"level":"debug","ts":1616384243474,"caller":"AI/main.go:158","msg":"err: ","error":"interrupt"}
{"level":"debug","ts":1616384323760,"caller":"transport/http.go:31","msg":"给请求添加uuid","UUID":"3221955a-5947-50a4-98cf-bcb4673bb282"}
{"level":"debug","ts":1616384323763,"caller":"req/showVO.go:31","msg":"3221955a-5947-50a4-98cf-bcb4673bb282"," 开始解析请求数据":{"appid":"0","where":"","order_by":"","page":0,"pageSize":20}}
{"level":"debug","ts":1616384323773,"caller":"service/ai_middleware_log.go:31","msg":"3221955a-5947-50a4-98cf-bcb4673bb282","调用 ShowAiDistort logMiddlewareServer":"ShowAiDistort","req":{"appid":"0","where":"","order_by":"","page":0,"pageSize":20},"res":{"aiDistorts":[{"uin":"1053118587058796545","appid":"10023","domain":"www.2379.cn","Payload":"##aackd*","from":"op*","remark":"remark","status":0,"createdAt":1616383449},{"uin":"1053118870258202625","appid":"100243233","domain":"www.23daf79.cn","Payload":"##aacfdakd*","from":"opfda*","remark":"remark","status":0,"createdAt":1616383470},{"uin":"1053119011321034753","appid":"10024311233","domain":"www.23daf7daf9.cn","Payload":"##aacfdafdafdkd*","from":"opfdafda*","remark":"remfdaark","status":0,"createdAt":1616383481},{"uin":"1053119177482582017","appid":"1120024311233","domain":"www.23dafdaf7daf9.cn","Payload":"##aacfdaffdadafdkd*","from":"opfdafdaffda*","remark":"remfdfafaaark","status":0,"createdAt":1616383493},{"uin":"1053119294788876289","appid":"112001124311233","domain":"www.23fdfsdafdaf7daf9.cn","Payload":"##aacffasfdaffdadafdkd*","from":"opfdafdadafffda*","remark":"remfdfafaaafafdrk","status":0,"createdAt":1616383502},{"uin":"1053124528206526465","appid":"112001124311233","domain":"www.23fdfsdafdaf7daf9.cn","Payload":"##aacffasfdaffdadafdkd*","from":"opfdafdadafffda*","remark":"remfdfafaaafafdrk","status":0,"createdAt":1616383892},{"uin":"1053124918377461761","appid":"112001321233","domain":"www.23fdfsdafdaf7daf9.cn","Payload":"##aacffasfdaff1dadafdkd*","from":"opfdafdadafffda*","remark":"xxxx","status":0,"createdAt":1616383921}],"pagination":{"page":0,"pageSize":20,"total":7,"totalPage":0}}}
{"level":"debug","ts":1616384323774,"caller":"endpoint/ai_middleware.go:19","msg":"3221955a-5947-50a4-98cf-bcb4673bb282","调用 endpoint LoggingMiddleware":"处理完请求","耗时毫秒":9}
{"level":"debug","ts":1616384323774,"caller":"res/ai_distort.go:24","msg":"3221955a-5947-50a4-98cf-bcb4673bb282","请求结束封装返回值":{"aiDistorts":[{"uin":"1053118587058796545","appid":"10023","domain":"www.2379.cn","Payload":"##aackd*","from":"op*","remark":"remark","status":0,"createdAt":1616383449},{"uin":"1053118870258202625","appid":"100243233","domain":"www.23daf79.cn","Payload":"##aacfdakd*","from":"opfda*","remark":"remark","status":0,"createdAt":1616383470},{"uin":"1053119011321034753","appid":"10024311233","domain":"www.23daf7daf9.cn","Payload":"##aacfdafdafdkd*","from":"opfdafda*","remark":"remfdaark","status":0,"createdAt":1616383481},{"uin":"1053119177482582017","appid":"1120024311233","domain":"www.23dafdaf7daf9.cn","Payload":"##aacfdaffdadafdkd*","from":"opfdafdaffda*","remark":"remfdfafaaark","status":0,"createdAt":1616383493},{"uin":"1053119294788876289","appid":"112001124311233","domain":"www.23fdfsdafdaf7daf9.cn","Payload":"##aacffasfdaffdadafdkd*","from":"opfdafdadafffda*","remark":"remfdfafaaafafdrk","status":0,"createdAt":1616383502},{"uin":"1053124528206526465","appid":"112001124311233","domain":"www.23fdfsdafdaf7daf9.cn","Payload":"##aacffasfdaffdadafdkd*","from":"opfdafdadafffda*","remark":"remfdfafaaafafdrk","status":0,"createdAt":1616383892},{"uin":"1053124918377461761","appid":"112001321233","domain":"www.23fdfsdafdaf7daf9.cn","Payload":"##aacffasfdaff1dadafdkd*","from":"opfdafdadafffda*","remark":"xxxx","status":0,"createdAt":1616383921}],"pagination":{"page":0,"pageSize":20,"total":7,"totalPage":0}}}
{"level":"debug","ts":1616384438580,"caller":"transport/http.go:31","msg":"给请求添加uuid","UUID":"a623de55-8fc0-569a-a2f6-6e56b102f1af"}
{"level":"debug","ts":1616384438581,"caller":"req/deleteAiDistortVO.go:26","msg":"a623de55-8fc0-569a-a2f6-6e56b102f1af"," 开始解析请求数据":{"uin":"1053119294788876289"}}
{"level":"debug","ts":1616384438593,"caller":"service/ai_middleware_log.go:45","msg":"a623de55-8fc0-569a-a2f6-6e56b102f1af","调用 DeleteAiDistort logMiddlewareServer":"DeleteAiDistort","req":{"uin":"1053119294788876289"},"res":null}
{"level":"debug","ts":1616384438593,"caller":"endpoint/ai_middleware.go:19","msg":"a623de55-8fc0-569a-a2f6-6e56b102f1af","调用 endpoint LoggingMiddleware":"处理完请求","耗时毫秒":11}
{"level":"debug","ts":1616384438593,"caller":"res/ack.go:21","msg":"a623de55-8fc0-569a-a2f6-6e56b102f1af","请求结束封装返回值":{"isOk":true}}
{"level":"debug","ts":1616384459936,"caller":"transport/http.go:31","msg":"给请求添加uuid","UUID":"001cb44f-26ea-5cb6-92fd-38f06413992e"}
{"level":"debug","ts":1616384459937,"caller":"req/showVO.go:31","msg":"001cb44f-26ea-5cb6-92fd-38f06413992e"," 开始解析请求数据":{"appid":"0","where":"","order_by":"","page":0,"pageSize":20}}
{"level":"debug","ts":1616384459954,"caller":"service/ai_middleware_log.go:31","msg":"001cb44f-26ea-5cb6-92fd-38f06413992e","调用 ShowAiDistort logMiddlewareServer":"ShowAiDistort","req":{"appid":"0","where":"","order_by":"","page":0,"pageSize":20},"res":{"aiDistorts":[{"uin":"1053118587058796545","appid":"10023","domain":"www.2379.cn","Payload":"##aackd*","from":"op*","remark":"remark","status":0,"createdAt":1616383449},{"uin":"1053118870258202625","appid":"100243233","domain":"www.23daf79.cn","Payload":"##aacfdakd*","from":"opfda*","remark":"remark","status":0,"createdAt":1616383470},{"uin":"1053119011321034753","appid":"10024311233","domain":"www.23daf7daf9.cn","Payload":"##aacfdafdafdkd*","from":"opfdafda*","remark":"remfdaark","status":0,"createdAt":1616383481},{"uin":"1053119177482582017","appid":"1120024311233","domain":"www.23dafdaf7daf9.cn","Payload":"##aacfdaffdadafdkd*","from":"opfdafdaffda*","remark":"remfdfafaaark","status":0,"createdAt":1616383493},{"uin":"1053124528206526465","appid":"112001124311233","domain":"www.23fdfsdafdaf7daf9.cn","Payload":"##aacffasfdaffdadafdkd*","from":"opfdafdadafffda*","remark":"remfdfafaaafafdrk","status":0,"createdAt":1616383892},{"uin":"1053124918377461761","appid":"112001321233","domain":"www.23fdfsdafdaf7daf9.cn","Payload":"##aacffasfdaff1dadafdkd*","from":"opfdafdadafffda*","remark":"xxxx","status":0,"createdAt":1616383921}],"pagination":{"page":0,"pageSize":20,"total":6,"totalPage":0}}}
{"level":"debug","ts":1616384459954,"caller":"endpoint/ai_middleware.go:19","msg":"001cb44f-26ea-5cb6-92fd-38f06413992e","调用 endpoint LoggingMiddleware":"处理完请求","耗时毫秒":16}
{"level":"debug","ts":1616384459954,"caller":"res/ai_distort.go:24","msg":"001cb44f-26ea-5cb6-92fd-38f06413992e","请求结束封装返回值":{"aiDistorts":[{"uin":"1053118587058796545","appid":"10023","domain":"www.2379.cn","Payload":"##aackd*","from":"op*","remark":"remark","status":0,"createdAt":1616383449},{"uin":"1053118870258202625","appid":"100243233","domain":"www.23daf79.cn","Payload":"##aacfdakd*","from":"opfda*","remark":"remark","status":0,"createdAt":1616383470},{"uin":"1053119011321034753","appid":"10024311233","domain":"www.23daf7daf9.cn","Payload":"##aacfdafdafdkd*","from":"opfdafda*","remark":"remfdaark","status":0,"createdAt":1616383481},{"uin":"1053119177482582017","appid":"1120024311233","domain":"www.23dafdaf7daf9.cn","Payload":"##aacfdaffdadafdkd*","from":"opfdafdaffda*","remark":"remfdfafaaark","status":0,"createdAt":1616383493},{"uin":"1053124528206526465","appid":"112001124311233","domain":"www.23fdfsdafdaf7daf9.cn","Payload":"##aacffasfdaffdadafdkd*","from":"opfdafdadafffda*","remark":"remfdfafaaafafdrk","status":0,"createdAt":1616383892},{"uin":"1053124918377461761","appid":"112001321233","domain":"www.23fdfsdafdaf7daf9.cn","Payload":"##aacffasfdaff1dadafdkd*","from":"opfdafdadafffda*","remark":"xxxx","status":0,"createdAt":1616383921}],"pagination":{"page":0,"pageSize":20,"total":6,"totalPage":0}}}
{"level":"debug","ts":1616384495279,"caller":"AI/main.go:158","msg":"err: ","error":"interrupt"}
{"level":"debug","ts":1616406467666,"caller":"req/showVO.go:53","msg":"[0896c6b0-3d62-584a-b187-034c12799a2e]"," 开始解析请求数据":{"appid":"0","where":"","order_by":"","page":0,"pageSize":10}}
{"level":"debug","ts":1616406467696,"caller":"service/ai_middleware_log.go:31","msg":"[0896c6b0-3d62-584a-b187-034c12799a2e]","调用 ShowAiDistort logMiddlewareServer":"ShowAiDistort","req":{"appid":"0","where":"","order_by":"","page":0,"pageSize":10},"res":{"aiDistorts":[{"uin":"1053118587058796545","appid":"10023","domain":"www.2379.cn","Payload":"##aackd*","from":"op*","remark":"remark","status":0,"createdAt":1616383449},{"uin":"1053118870258202625","appid":"100243233","domain":"www.23daf79.cn","Payload":"##aacfdakd*","from":"opfda*","remark":"remark","status":0,"createdAt":1616383470},{"uin":"1053119011321034753","appid":"10024311233","domain":"www.23daf7daf9.cn","Payload":"##aacfdafdafdkd*","from":"opfdafda*","remark":"remfdaark","status":0,"createdAt":1616383481},{"uin":"1053119177482582017","appid":"1120024311233","domain":"www.23dafdaf7daf9.cn","Payload":"##aacfdaffdadafdkd*","from":"opfdafdaffda*","remark":"remfdfafaaark","status":0,"createdAt":1616383493},{"uin":"1053124528206526465","appid":"112001124311233","domain":"www.23fdfsdafdaf7daf9.cn","Payload":"##aacffasfdaffdadafdkd*","from":"opfdafdadafffda*","remark":"remfdfafaaafafdrk","status":0,"createdAt":1616383892},{"uin":"1053124918377461761","appid":"112001321233","domain":"www.23fdfsdafdaf7daf9.cn","Payload":"##aacffasfdaff1dadafdkd*","from":"opfdafdadafffda*","remark":"xxxx","status":0,"createdAt":1616383921}],"pagination":{"page":0,"pageSize":10,"total":6,"totalPage":0}}}
{"level":"debug","ts":1616406467701,"caller":"endpoint/ai_middleware.go:19","msg":"[0896c6b0-3d62-584a-b187-034c12799a2e]","调用 endpoint LoggingMiddleware":"处理完请求","耗时毫秒":32}
{"level":"debug","ts":1616406877215,"caller":"AI/main.go:158","msg":"err: ","error":"interrupt"}
{"level":"debug","ts":1616407509132,"caller":"AI/main.go:158","msg":"err: ","error":"interrupt"}
{"level":"debug","ts":1616488684709,"caller":"req/addAiDistortVO.go:49","msg":"[699e94b5-1a89-58a5-b4c1-833529ebc6f3]"," 开始解析请求数据":{"appid":"222","domain":"/login","Payload":"/fdaf*","from":"app","remark":"app"}}
{"level":"debug","ts":1616488684765,"caller":"service/ai_middleware_log.go:38","msg":"[699e94b5-1a89-58a5-b4c1-833529ebc6f3]","调用 AddAiDistort logMiddlewareServer":"AddAiDistort","req":{"appid":"222","domain":"/login","Payload":"/fdaf*","from":"app","remark":"app"},"res":null}
{"level":"debug","ts":1616488684766,"caller":"endpoint/ai_middleware.go:19","msg":"[699e94b5-1a89-58a5-b4c1-833529ebc6f3]","调用 endpoint LoggingMiddleware":"处理完请求","耗时毫秒":53}
{"level":"debug","ts":1616488684773,"caller":"req/addAiDistortVO.go:49","msg":"[6e2c8f36-fbea-565b-8f85-698360167058]"," 开始解析请求数据":{"appid":"222","domain":"/login","Payload":"/fdaf*","from":"app","remark":"app"}}
{"level":"debug","ts":1616488684782,"caller":"service/ai_middleware_log.go:38","msg":"[6e2c8f36-fbea-565b-8f85-698360167058]","调用 AddAiDistort logMiddlewareServer":"AddAiDistort","req":{"appid":"222","domain":"/login","Payload":"/fdaf*","from":"app","remark":"app"},"res":null}
{"level":"debug","ts":1616488684782,"caller":"endpoint/ai_middleware.go:19","msg":"[6e2c8f36-fbea-565b-8f85-698360167058]","调用 endpoint LoggingMiddleware":"处理完请求","耗时毫秒":8}
{"level":"debug","ts":1616488684785,"caller":"req/addAiDistortVO.go:49","msg":"[dfb0df6a-5a28-58ff-ab35-dac7d1e01c34]"," 开始解析请求数据":{"appid":"222","domain":"/login","Payload":"/fdaf*","from":"app","remark":"app"}}
{"level":"debug","ts":1616488684789,"caller":"service/ai_middleware_log.go:38","msg":"[dfb0df6a-5a28-58ff-ab35-dac7d1e01c34]","调用 AddAiDistort logMiddlewareServer":"AddAiDistort","req":{"appid":"222","domain":"/login","Payload":"/fdaf*","from":"app","remark":"app"},"res":null}
{"level":"debug","ts":1616488684789,"caller":"endpoint/ai_middleware.go:19","msg":"[dfb0df6a-5a28-58ff-ab35-dac7d1e01c34]","调用 endpoint LoggingMiddleware":"处理完请求","耗时毫秒":3}
{"level":"debug","ts":1616488684796,"caller":"req/addAiDistortVO.go:49","msg":"[34abf3fd-25ee-53ea-9802-85c390c5c59e]"," 开始解析请求数据":{"appid":"222","domain":"/login","Payload":"/fdaf*","from":"app","remark":"app"}}
{"level":"debug","ts":1616488684800,"caller":"service/ai_middleware_log.go:38","msg":"[34abf3fd-25ee-53ea-9802-85c390c5c59e]","调用 AddAiDistort logMiddlewareServer":"AddAiDistort","req":{"appid":"222","domain":"/login","Payload":"/fdaf*","from":"app","remark":"app"},"res":null}
{"level":"debug","ts":1616488684800,"caller":"endpoint/ai_middleware.go:19","msg":"[34abf3fd-25ee-53ea-9802-85c390c5c59e]","调用 endpoint LoggingMiddleware":"处理完请求","耗时毫秒":3}
{"level":"debug","ts":1616488684814,"caller":"req/addAiDistortVO.go:49","msg":"[d2080141-ab48-5a16-ae0c-74b41586a800]"," 开始解析请求数据":{"appid":"222","domain":"/login","Payload":"/fdaf*","from":"app","remark":"app"}}
{"level":"debug","ts":1616488684819,"caller":"service/ai_middleware_log.go:38","msg":"[d2080141-ab48-5a16-ae0c-74b41586a800]","调用 AddAiDistort logMiddlewareServer":"AddAiDistort","req":{"appid":"222","domain":"/login","Payload":"/fdaf*","from":"app","remark":"app"},"res":null}
{"level":"debug","ts":1616488684819,"caller":"endpoint/ai_middleware.go:19","msg":"[d2080141-ab48-5a16-ae0c-74b41586a800]","调用 endpoint LoggingMiddleware":"处理完请求","耗时毫秒":5}
{"level":"debug","ts":1616488957498,"caller":"Ai/main.go:158","msg":"err: ","error":"listen tcp 127.0.0.1:9100: bind: Only one usage of each socket address (protocol/network address/port) is normally permitted."}
{"level":"debug","ts":1616489107104,"caller":"Ai/main.go:158","msg":"err: ","error":"listen tcp 127.0.0.1:9100: bind: Only one usage of each socket address (protocol/network address/port) is normally permitted."}
{"level":"debug","ts":1616489174483,"caller":"req/addAiDistortVO.go:49","msg":"[30152320-fb46-5e82-96c5-01d3fc79b048]"," 开始解析请求数据":{"appid":"222","domain":"/login","Payload":"/fdaf*","from":"app","remark":"app"}}
{"level":"debug","ts":1616489174603,"caller":"service/ai_middleware_log.go:38","msg":"[30152320-fb46-5e82-96c5-01d3fc79b048]","调用 AddAiDistort logMiddlewareServer":"AddAiDistort","req":{"appid":"222","domain":"/login","Payload":"/fdaf*","from":"app","remark":"app"},"res":null}
{"level":"debug","ts":1616489174607,"caller":"endpoint/ai_middleware.go:19","msg":"[30152320-fb46-5e82-96c5-01d3fc79b048]","调用 endpoint LoggingMiddleware":"处理完请求","耗时毫秒":122}
{"level":"debug","ts":1616489174624,"caller":"req/addAiDistortVO.go:49","msg":"[2f2784f4-3319-59f2-9832-f5a8c2c23707]"," 开始解析请求数据":{"appid":"222","domain":"/login","Payload":"/fdaf*","from":"app","remark":"app"}}
{"level":"debug","ts":1616489174746,"caller":"service/ai_middleware_log.go:38","msg":"[2f2784f4-3319-59f2-9832-f5a8c2c23707]","调用 AddAiDistort logMiddlewareServer":"AddAiDistort","req":{"appid":"222","domain":"/login","Payload":"/fdaf*","from":"app","remark":"app"},"res":null}
{"level":"debug","ts":1616489174747,"caller":"endpoint/ai_middleware.go:19","msg":"[2f2784f4-3319-59f2-9832-f5a8c2c23707]","调用 endpoint LoggingMiddleware":"处理完请求","耗时毫秒":33}
{"level":"debug","ts":1616489174757,"caller":"req/addAiDistortVO.go:49","msg":"[0cb57717-b6c0-591d-b999-f575d66b670c]"," 开始解析请求数据":{"appid":"222","domain":"/login","Payload":"/fdaf*","from":"app","remark":"app"}}
{"level":"debug","ts":1616489174764,"caller":"service/ai_middleware_log.go:38","msg":"[0cb57717-b6c0-591d-b999-f575d66b670c]","调用 AddAiDistort logMiddlewareServer":"AddAiDistort","req":{"appid":"222","domain":"/login","Payload":"/fdaf*","from":"app","remark":"app"},"res":null}
{"level":"debug","ts":1616489174764,"caller":"endpoint/ai_middleware.go:19","msg":"[0cb57717-b6c0-591d-b999-f575d66b670c]","调用 endpoint LoggingMiddleware":"处理完请求","耗时毫秒":5}
{"level":"debug","ts":1616489174777,"caller":"req/addAiDistortVO.go:49","msg":"[f89a5d98-7379-57e8-84a0-3f48956e32aa]"," 开始解析请求数据":{"appid":"222","domain":"/login","Payload":"/fdaf*","from":"app","remark":"app"}}
{"level":"debug","ts":1616489174785,"caller":"service/ai_middleware_log.go:38","msg":"[f89a5d98-7379-57e8-84a0-3f48956e32aa]","调用 AddAiDistort logMiddlewareServer":"AddAiDistort","req":{"appid":"222","domain":"/login","Payload":"/fdaf*","from":"app","remark":"app"},"res":null}
{"level":"debug","ts":1616489174788,"caller":"endpoint/ai_middleware.go:19","msg":"[f89a5d98-7379-57e8-84a0-3f48956e32aa]","调用 endpoint LoggingMiddleware":"处理完请求","耗时毫秒":9}
{"level":"debug","ts":1616489174801,"caller":"req/addAiDistortVO.go:49","msg":"[11814028-2403-5eab-98af-7de7ea62a038]"," 开始解析请求数据":{"appid":"222","domain":"/login","Payload":"/fdaf*","from":"app","remark":"app"}}
{"level":"debug","ts":1616489174816,"caller":"service/ai_middleware_log.go:38","msg":"[11814028-2403-5eab-98af-7de7ea62a038]","调用 AddAiDistort logMiddlewareServer":"AddAiDistort","req":{"appid":"222","domain":"/login","Payload":"/fdaf*","from":"app","remark":"app"},"res":null}
{"level":"debug","ts":1616489174819,"caller":"endpoint/ai_middleware.go:19","msg":"[11814028-2403-5eab-98af-7de7ea62a038]","调用 endpoint LoggingMiddleware":"处理完请求","耗时毫秒":15}
{"level":"debug","ts":1616489222773,"caller":"req/addAiDistortVO.go:49","msg":"[124ea6e9-0aa1-5042-ac59-72cfd9f246bf]"," 开始解析请求数据":{"appid":"222","domain":"/login","Payload":"/fdaf*","from":"app","remark":"app"}}
{"level":"debug","ts":1616489222781,"caller":"service/ai_middleware_log.go:38","msg":"[124ea6e9-0aa1-5042-ac59-72cfd9f246bf]","调用 AddAiDistort logMiddlewareServer":"AddAiDistort","req":{"appid":"222","domain":"/login","Payload":"/fdaf*","from":"app","remark":"app"},"res":null}
{"level":"debug","ts":1616489222781,"caller":"endpoint/ai_middleware.go:19","msg":"[124ea6e9-0aa1-5042-ac59-72cfd9f246bf]","调用 endpoint LoggingMiddleware":"处理完请求","耗时毫秒":6}
{"level":"debug","ts":1616489222789,"caller":"req/addAiDistortVO.go:49","msg":"[1299a46e-0d1d-5cbb-a019-aecfdaa2d98b]"," 开始解析请求数据":{"appid":"222","domain":"/login","Payload":"/fdaf*","from":"app","remark":"app"}}
{"level":"debug","ts":1616489222795,"caller":"service/ai_middleware_log.go:38","msg":"[1299a46e-0d1d-5cbb-a019-aecfdaa2d98b]","调用 AddAiDistort logMiddlewareServer":"AddAiDistort","req":{"appid":"222","domain":"/login","Payload":"/fdaf*","from":"app","remark":"app"},"res":null}
{"level":"debug","ts":1616489222796,"caller":"endpoint/ai_middleware.go:19","msg":"[1299a46e-0d1d-5cbb-a019-aecfdaa2d98b]","调用 endpoint LoggingMiddleware":"处理完请求","耗时毫秒":5}
{"level":"debug","ts":1616489222806,"caller":"req/addAiDistortVO.go:49","msg":"[12f020c5-0831-5313-8778-2dca537e3dec]"," 开始解析请求数据":{"appid":"222","domain":"/login","Payload":"/fdaf*","from":"app","remark":"app"}}
{"level":"debug","ts":1616489222817,"caller":"service/ai_middleware_log.go:38","msg":"[12f020c5-0831-5313-8778-2dca537e3dec]","调用 AddAiDistort logMiddlewareServer":"AddAiDistort","req":{"appid":"222","domain":"/login","Payload":"/fdaf*","from":"app","remark":"app"},"res":null}
{"level":"debug","ts":1616489222818,"caller":"endpoint/ai_middleware.go:19","msg":"[12f020c5-0831-5313-8778-2dca537e3dec]","调用 endpoint LoggingMiddleware":"处理完请求","耗时毫秒":9}
{"level":"debug","ts":1616489222839,"caller":"req/addAiDistortVO.go:49","msg":"[0d22a793-cc33-52d6-a020-181d9b5e1f30]"," 开始解析请求数据":{"appid":"222","domain":"/login","Payload":"/fdaf*","from":"app","remark":"app"}}
{"level":"debug","ts":1616489222854,"caller":"service/ai_middleware_log.go:38","msg":"[0d22a793-cc33-52d6-a020-181d9b5e1f30]","调用 AddAiDistort logMiddlewareServer":"AddAiDistort","req":{"appid":"222","domain":"/login","Payload":"/fdaf*","from":"app","remark":"app"},"res":null}
{"level":"debug","ts":1616489222856,"caller":"endpoint/ai_middleware.go:19","msg":"[0d22a793-cc33-52d6-a020-181d9b5e1f30]","调用 endpoint LoggingMiddleware":"处理完请求","耗时毫秒":14}
{"level":"debug","ts":1616489222875,"caller":"req/addAiDistortVO.go:49","msg":"[965f6465-7ff7-59b8-9f5c-4ad54139f249]"," 开始解析请求数据":{"appid":"222","domain":"/login","Payload":"/fdaf*","from":"app","remark":"app"}}
{"level":"debug","ts":1616489222885,"caller":"service/ai_middleware_log.go:38","msg":"[965f6465-7ff7-59b8-9f5c-4ad54139f249]","调用 AddAiDistort logMiddlewareServer":"AddAiDistort","req":{"appid":"222","domain":"/login","Payload":"/fdaf*","from":"app","remark":"app"},"res":null}
{"level":"debug","ts":1616489222886,"caller":"endpoint/ai_middleware.go:19","msg":"[965f6465-7ff7-59b8-9f5c-4ad54139f249]","调用 endpoint LoggingMiddleware":"处理完请求","耗时毫秒":7}
{"level":"debug","ts":1616489249741,"caller":"req/addAiDistortVO.go:49","msg":"[6b733381-8977-5502-8825-dd0789b9ac26]"," 开始解析请求数据":{"appid":"222","domain":"/login","Payload":"/fdaf*","from":"app","remark":"app"}}
{"level":"debug","ts":1616489249756,"caller":"service/ai_middleware_log.go:38","msg":"[6b733381-8977-5502-8825-dd0789b9ac26]","调用 AddAiDistort logMiddlewareServer":"AddAiDistort","req":{"appid":"222","domain":"/login","Payload":"/fdaf*","from":"app","remark":"app"},"res":null}
{"level":"debug","ts":1616489249757,"caller":"endpoint/ai_middleware.go:19","msg":"[6b733381-8977-5502-8825-dd0789b9ac26]","调用 endpoint LoggingMiddleware":"处理完请求","耗时毫秒":15}
{"level":"debug","ts":1616489249765,"caller":"req/addAiDistortVO.go:49","msg":"[0d870c62-ca05-50af-b7c1-38b638587e7b]"," 开始解析请求数据":{"appid":"222","domain":"/login","Payload":"/fdaf*","from":"app","remark":"app"}}
{"level":"debug","ts":1616489249771,"caller":"service/ai_middleware_log.go:38","msg":"[0d870c62-ca05-50af-b7c1-38b638587e7b]","调用 AddAiDistort logMiddlewareServer":"AddAiDistort","req":{"appid":"222","domain":"/login","Payload":"/fdaf*","from":"app","remark":"app"},"res":null}
{"level":"debug","ts":1616489249772,"caller":"endpoint/ai_middleware.go:19","msg":"[0d870c62-ca05-50af-b7c1-38b638587e7b]","调用 endpoint LoggingMiddleware":"处理完请求","耗时毫秒":5}
{"level":"debug","ts":1616489249777,"caller":"req/addAiDistortVO.go:49","msg":"[6a2378bf-e4f0-555b-9436-264da77516d1]"," 开始解析请求数据":{"appid":"222","domain":"/login","Payload":"/fdaf*","from":"app","remark":"app"}}
{"level":"debug","ts":1616489249785,"caller":"service/ai_middleware_log.go:38","msg":"[6a2378bf-e4f0-555b-9436-264da77516d1]","调用 AddAiDistort logMiddlewareServer":"AddAiDistort","req":{"appid":"222","domain":"/login","Payload":"/fdaf*","from":"app","remark":"app"},"res":null}
{"level":"debug","ts":1616489249786,"caller":"endpoint/ai_middleware.go:19","msg":"[6a2378bf-e4f0-555b-9436-264da77516d1]","调用 endpoint LoggingMiddleware":"处理完请求","耗时毫秒":8}
{"level":"debug","ts":1616489249792,"caller":"req/addAiDistortVO.go:49","msg":"[4780f39d-54c0-575d-b85f-c3712e0cd6d6]"," 开始解析请求数据":{"appid":"222","domain":"/login","Payload":"/fdaf*","from":"app","remark":"app"}}
{"level":"debug","ts":1616489249801,"caller":"service/ai_middleware_log.go:38","msg":"[4780f39d-54c0-575d-b85f-c3712e0cd6d6]","调用 AddAiDistort logMiddlewareServer":"AddAiDistort","req":{"appid":"222","domain":"/login","Payload":"/fdaf*","from":"app","remark":"app"},"res":null}
{"level":"debug","ts":1616489249802,"caller":"endpoint/ai_middleware.go:19","msg":"[4780f39d-54c0-575d-b85f-c3712e0cd6d6]","调用 endpoint LoggingMiddleware":"处理完请求","耗时毫秒":8}
{"level":"debug","ts":1616489249814,"caller":"req/addAiDistortVO.go:49","msg":"[f2326a03-d484-5f0a-91da-ad9cfb532ef5]"," 开始解析请求数据":{"appid":"222","domain":"/login","Payload":"/fdaf*","from":"app","remark":"app"}}
{"level":"debug","ts":1616489249822,"caller":"service/ai_middleware_log.go:38","msg":"[f2326a03-d484-5f0a-91da-ad9cfb532ef5]","调用 AddAiDistort logMiddlewareServer":"AddAiDistort","req":{"appid":"222","domain":"/login","Payload":"/fdaf*","from":"app","remark":"app"},"res":null}
{"level":"debug","ts":1616489249823,"caller":"endpoint/ai_middleware.go:19","msg":"[f2326a03-d484-5f0a-91da-ad9cfb532ef5]","调用 endpoint LoggingMiddleware":"处理完请求","耗时毫秒":7}
{"level":"debug","ts":1616489259274,"caller":"req/addAiDistortVO.go:49","msg":"[f49ff3ce-9dad-53ca-ac55-92e4ba0d2277]"," 开始解析请求数据":{"appid":"222","domain":"/login","Payload":"/fdaf*","from":"app","remark":"app"}}
{"level":"debug","ts":1616489259292,"caller":"service/ai_middleware_log.go:38","msg":"[f49ff3ce-9dad-53ca-ac55-92e4ba0d2277]","调用 AddAiDistort logMiddlewareServer":"AddAiDistort","req":{"appid":"222","domain":"/login","Payload":"/fdaf*","from":"app","remark":"app"},"res":null}
{"level":"debug","ts":1616489259317,"caller":"endpoint/ai_middleware.go:19","msg":"[f49ff3ce-9dad-53ca-ac55-92e4ba0d2277]","调用 endpoint LoggingMiddleware":"处理完请求","耗时毫秒":40}
{"level":"debug","ts":1616489259352,"caller":"req/addAiDistortVO.go:49","msg":"[5a1cdceb-a069-5311-b9a7-d31287a151dd]"," 开始解析请求数据":{"appid":"222","domain":"/login","Payload":"/fdaf*","from":"app","remark":"app"}}
{"level":"debug","ts":1616489259388,"caller":"service/ai_middleware_log.go:38","msg":"[5a1cdceb-a069-5311-b9a7-d31287a151dd]","调用 AddAiDistort logMiddlewareServer":"AddAiDistort","req":{"appid":"222","domain":"/login","Payload":"/fdaf*","from":"app","remark":"app"},"res":null}
{"level":"debug","ts":1616489259390,"caller":"endpoint/ai_middleware.go:19","msg":"[5a1cdceb-a069-5311-b9a7-d31287a151dd]","调用 endpoint LoggingMiddleware":"处理完请求","耗时毫秒":32}
{"level":"debug","ts":1616489259399,"caller":"req/addAiDistortVO.go:49","msg":"[a1fb3175-968d-5168-a497-618cae6296c1]"," 开始解析请求数据":{"appid":"222","domain":"/login","Payload":"/fdaf*","from":"app","remark":"app"}}
{"level":"debug","ts":1616489259421,"caller":"service/ai_middleware_log.go:38","msg":"[a1fb3175-968d-5168-a497-618cae6296c1]","调用 AddAiDistort logMiddlewareServer":"AddAiDistort","req":{"appid":"222","domain":"/login","Payload":"/fdaf*","from":"app","remark":"app"},"res":null}
{"level":"debug","ts":1616489259423,"caller":"endpoint/ai_middleware.go:19","msg":"[a1fb3175-968d-5168-a497-618cae6296c1]","调用 endpoint LoggingMiddleware":"处理完请求","耗时毫秒":18}
{"level":"debug","ts":1616489259438,"caller":"req/addAiDistortVO.go:49","msg":"[32b0c6ec-1fab-5769-a8d9-1d87492ceebd]"," 开始解析请求数据":{"appid":"222","domain":"/login","Payload":"/fdaf*","from":"app","remark":"app"}}
{"level":"debug","ts":1616489259463,"caller":"service/ai_middleware_log.go:38","msg":"[32b0c6ec-1fab-5769-a8d9-1d87492ceebd]","调用 AddAiDistort logMiddlewareServer":"AddAiDistort","req":{"appid":"222","domain":"/login","Payload":"/fdaf*","from":"app","remark":"app"},"res":null}
{"level":"debug","ts":1616489259470,"caller":"endpoint/ai_middleware.go:19","msg":"[32b0c6ec-1fab-5769-a8d9-1d87492ceebd]","调用 endpoint LoggingMiddleware":"处理完请求","耗时毫秒":29}
{"level":"debug","ts":1616489259489,"caller":"req/addAiDistortVO.go:49","msg":"[321b6c9a-8995-57f0-a89c-aee61a6e0094]"," 开始解析请求数据":{"appid":"222","domain":"/login","Payload":"/fdaf*","from":"app","remark":"app"}}
{"level":"debug","ts":1616489259517,"caller":"service/ai_middleware_log.go:38","msg":"[321b6c9a-8995-57f0-a89c-aee61a6e0094]","调用 AddAiDistort logMiddlewareServer":"AddAiDistort","req":{"appid":"222","domain":"/login","Payload":"/fdaf*","from":"app","remark":"app"},"res":null}
{"level":"debug","ts":1616489259526,"caller":"endpoint/ai_middleware.go:19","msg":"[321b6c9a-8995-57f0-a89c-aee61a6e0094]","调用 endpoint LoggingMiddleware":"处理完请求","耗时毫秒":33}
{"level":"debug","ts":1616489282784,"caller":"req/addAiDistortVO.go:49","msg":"[69d81a70-6637-5b51-8734-abc9f14b99e0]"," 开始解析请求数据":{"appid":"222","domain":"/login","Payload":"/fdaf*","from":"app","remark":"app"}}
{"level":"debug","ts":1616489282791,"caller":"service/ai_middleware_log.go:38","msg":"[69d81a70-6637-5b51-8734-abc9f14b99e0]","调用 AddAiDistort logMiddlewareServer":"AddAiDistort","req":{"appid":"222","domain":"/login","Payload":"/fdaf*","from":"app","remark":"app"},"res":null}
{"level":"debug","ts":1616489282793,"caller":"endpoint/ai_middleware.go:19","msg":"[69d81a70-6637-5b51-8734-abc9f14b99e0]","调用 endpoint LoggingMiddleware":"处理完请求","耗时毫秒":7}
{"level":"debug","ts":1616489282802,"caller":"req/addAiDistortVO.go:49","msg":"[7f69a4ce-63d9-5b6d-9c3b-798834e27d4d]"," 开始解析请求数据":{"appid":"222","domain":"/login","Payload":"/fdaf*","from":"app","remark":"app"}}
{"level":"debug","ts":1616489282811,"caller":"service/ai_middleware_log.go:38","msg":"[7f69a4ce-63d9-5b6d-9c3b-798834e27d4d]","调用 AddAiDistort logMiddlewareServer":"AddAiDistort","req":{"appid":"222","domain":"/login","Payload":"/fdaf*","from":"app","remark":"app"},"res":null}
{"level":"debug","ts":1616489282813,"caller":"endpoint/ai_middleware.go:19","msg":"[7f69a4ce-63d9-5b6d-9c3b-798834e27d4d]","调用 endpoint LoggingMiddleware":"处理完请求","耗时毫秒":9}
{"level":"debug","ts":1616489282832,"caller":"req/addAiDistortVO.go:49","msg":"[b8364c8f-a97a-522e-9f6d-cd368f864452]"," 开始解析请求数据":{"appid":"222","domain":"/login","Payload":"/fdaf*","from":"app","remark":"app"}}
{"level":"debug","ts":1616489282842,"caller":"service/ai_middleware_log.go:38","msg":"[b8364c8f-a97a-522e-9f6d-cd368f864452]","调用 AddAiDistort logMiddlewareServer":"AddAiDistort","req":{"appid":"222","domain":"/login","Payload":"/fdaf*","from":"app","remark":"app"},"res":null}
{"level":"debug","ts":1616489282844,"caller":"endpoint/ai_middleware.go:19","msg":"[b8364c8f-a97a-522e-9f6d-cd368f864452]","调用 endpoint LoggingMiddleware":"处理完请求","耗时毫秒":9}
{"level":"debug","ts":1616489282851,"caller":"req/addAiDistortVO.go:49","msg":"[f8320c6a-1584-5fdf-8e6a-9aab11a25e20]"," 开始解析请求数据":{"appid":"222","domain":"/login","Payload":"/fdaf*","from":"app","remark":"app"}}
{"level":"debug","ts":1616489282860,"caller":"service/ai_middleware_log.go:38","msg":"[f8320c6a-1584-5fdf-8e6a-9aab11a25e20]","调用 AddAiDistort logMiddlewareServer":"AddAiDistort","req":{"appid":"222","domain":"/login","Payload":"/fdaf*","from":"app","remark":"app"},"res":null}
{"level":"debug","ts":1616489282861,"caller":"endpoint/ai_middleware.go:19","msg":"[f8320c6a-1584-5fdf-8e6a-9aab11a25e20]","调用 endpoint LoggingMiddleware":"处理完请求","耗时毫秒":8}
{"level":"debug","ts":1616489282869,"caller":"req/addAiDistortVO.go:49","msg":"[a5fec77d-c25f-5bd0-88d9-55ab2146ef77]"," 开始解析请求数据":{"appid":"222","domain":"/login","Payload":"/fdaf*","from":"app","remark":"app"}}
{"level":"debug","ts":1616489282878,"caller":"service/ai_middleware_log.go:38","msg":"[a5fec77d-c25f-5bd0-88d9-55ab2146ef77]","调用 AddAiDistort logMiddlewareServer":"AddAiDistort","req":{"appid":"222","domain":"/login","Payload":"/fdaf*","from":"app","remark":"app"},"res":null}
{"level":"debug","ts":1616489282881,"caller":"endpoint/ai_middleware.go:19","msg":"[a5fec77d-c25f-5bd0-88d9-55ab2146ef77]","调用 endpoint LoggingMiddleware":"处理完请求","耗时毫秒":11}
{"level":"debug","ts":1616489496008,"caller":"Ai/main.go:158","msg":"err: ","error":"interrupt"}
{"level":"debug","ts":1616489506187,"caller":"req/addAiDistortVO.go:49","msg":"[c73a1d6f-42aa-5a66-8c00-de00853498e0]"," 开始解析请求数据":{"appid":"222","domain":"/login","Payload":"/fdaf*","from":"app","remark":"app"}}
{"level":"debug","ts":1616489506191,"caller":"service/ai_middleware_log.go:38","msg":"[c73a1d6f-42aa-5a66-8c00-de00853498e0]","调用 AddAiDistort logMiddlewareServer":"AddAiDistort","req":{"appid":"222","domain":"/login","Payload":"/fdaf*","from":"app","remark":"app"},"res":null}
{"level":"debug","ts":1616489506191,"caller":"endpoint/ai_middleware.go:19","msg":"[c73a1d6f-42aa-5a66-8c00-de00853498e0]","调用 endpoint LoggingMiddleware":"处理完请求","耗时毫秒":3}
{"level":"debug","ts":1616489506193,"caller":"req/addAiDistortVO.go:49","msg":"[157c0f9b-43c5-5718-ad5c-ef56e5c6a874]"," 开始解析请求数据":{"appid":"222","domain":"/login","Payload":"/fdaf*","from":"app","remark":"app"}}
{"level":"debug","ts":1616489506197,"caller":"service/ai_middleware_log.go:38","msg":"[157c0f9b-43c5-5718-ad5c-ef56e5c6a874]","调用 AddAiDistort logMiddlewareServer":"AddAiDistort","req":{"appid":"222","domain":"/login","Payload":"/fdaf*","from":"app","remark":"app"},"res":null}
{"level":"debug","ts":1616489506197,"caller":"endpoint/ai_middleware.go:19","msg":"[157c0f9b-43c5-5718-ad5c-ef56e5c6a874]","调用 endpoint LoggingMiddleware":"处理完请求","耗时毫秒":3}
{"level":"debug","ts":1616489506201,"caller":"req/addAiDistortVO.go:49","msg":"[af6194cf-6d3b-5439-b96d-f40ba677e18e]"," 开始解析请求数据":{"appid":"222","domain":"/login","Payload":"/fdaf*","from":"app","remark":"app"}}
{"level":"debug","ts":1616489506205,"caller":"service/ai_middleware_log.go:38","msg":"[af6194cf-6d3b-5439-b96d-f40ba677e18e]","调用 AddAiDistort logMiddlewareServer":"AddAiDistort","req":{"appid":"222","domain":"/login","Payload":"/fdaf*","from":"app","remark":"app"},"res":null}
{"level":"debug","ts":1616489506205,"caller":"endpoint/ai_middleware.go:19","msg":"[af6194cf-6d3b-5439-b96d-f40ba677e18e]","调用 endpoint LoggingMiddleware":"处理完请求","耗时毫秒":4}
{"level":"debug","ts":1616489506208,"caller":"req/addAiDistortVO.go:49","msg":"[666317f4-b93a-5f50-be85-4deec1e7936d]"," 开始解析请求数据":{"appid":"222","domain":"/login","Payload":"/fdaf*","from":"app","remark":"app"}}
{"level":"debug","ts":1616489506212,"caller":"service/ai_middleware_log.go:38","msg":"[666317f4-b93a-5f50-be85-4deec1e7936d]","调用 AddAiDistort logMiddlewareServer":"AddAiDistort","req":{"appid":"222","domain":"/login","Payload":"/fdaf*","from":"app","remark":"app"},"res":null}
{"level":"debug","ts":1616489506212,"caller":"endpoint/ai_middleware.go:19","msg":"[666317f4-b93a-5f50-be85-4deec1e7936d]","调用 endpoint LoggingMiddleware":"处理完请求","耗时毫秒":4}
{"level":"debug","ts":1616489506214,"caller":"req/addAiDistortVO.go:49","msg":"[1ff807d6-7476-58b5-be09-047497073cf0]"," 开始解析请求数据":{"appid":"222","domain":"/login","Payload":"/fdaf*","from":"app","remark":"app"}}
{"level":"debug","ts":1616489506219,"caller":"service/ai_middleware_log.go:38","msg":"[1ff807d6-7476-58b5-be09-047497073cf0]","调用 AddAiDistort logMiddlewareServer":"AddAiDistort","req":{"appid":"222","domain":"/login","Payload":"/fdaf*","from":"app","remark":"app"},"res":null}
{"level":"debug","ts":1616489506219,"caller":"endpoint/ai_middleware.go:19","msg":"[1ff807d6-7476-58b5-be09-047497073cf0]","调用 endpoint LoggingMiddleware":"处理完请求","耗时毫秒":3}
{"level":"debug","ts":1616489578909,"caller":"Ai/main.go:158","msg":"err: ","error":"listen tcp: address 80003: invalid port"}
{"level":"debug","ts":1616489627220,"caller":"Ai/main.go:158","msg":"err: ","error":"listen tcp: address 70003: invalid port"}
{"level":"debug","ts":1616489689486,"caller":"req/addAiDistortVO.go:49","msg":"[24434ef4-8523-58d2-b5d0-ae86add133cc]"," 开始解析请求数据":{"appid":"222","domain":"/login","Payload":"/fdaf*","from":"app","remark":"app"}}
{"level":"debug","ts":1616489689538,"caller":"service/ai_middleware_log.go:38","msg":"[24434ef4-8523-58d2-b5d0-ae86add133cc]","调用 AddAiDistort logMiddlewareServer":"AddAiDistort","req":{"appid":"222","domain":"/login","Payload":"/fdaf*","from":"app","remark":"app"},"res":null}
{"level":"debug","ts":1616489689540,"caller":"endpoint/ai_middleware.go:19","msg":"[24434ef4-8523-58d2-b5d0-ae86add133cc]","调用 endpoint LoggingMiddleware":"处理完请求","耗时毫秒":49}
{"level":"debug","ts":1616489689550,"caller":"req/addAiDistortVO.go:49","msg":"[9b8dc98a-3f27-5fed-b42c-3e91ecda3665]"," 开始解析请求数据":{"appid":"222","domain":"/login","Payload":"/fdaf*","from":"app","remark":"app"}}
{"level":"debug","ts":1616489689555,"caller":"service/ai_middleware_log.go:38","msg":"[9b8dc98a-3f27-5fed-b42c-3e91ecda3665]","调用 AddAiDistort logMiddlewareServer":"AddAiDistort","req":{"appid":"222","domain":"/login","Payload":"/fdaf*","from":"app","remark":"app"},"res":null}
{"level":"debug","ts":1616489689556,"caller":"endpoint/ai_middleware.go:19","msg":"[9b8dc98a-3f27-5fed-b42c-3e91ecda3665]","调用 endpoint LoggingMiddleware":"处理完请求","耗时毫秒":5}
{"level":"debug","ts":1616489689566,"caller":"req/addAiDistortVO.go:49","msg":"[df54e8cb-4f2c-5762-a857-0ac924a84668]"," 开始解析请求数据":{"appid":"222","domain":"/login","Payload":"/fdaf*","from":"app","remark":"app"}}
{"level":"debug","ts":1616489689576,"caller":"service/ai_middleware_log.go:38","msg":"[df54e8cb-4f2c-5762-a857-0ac924a84668]","调用 AddAiDistort logMiddlewareServer":"AddAiDistort","req":{"appid":"222","domain":"/login","Payload":"/fdaf*","from":"app","remark":"app"},"res":null}
{"level":"debug","ts":1616489689578,"caller":"endpoint/ai_middleware.go:19","msg":"[df54e8cb-4f2c-5762-a857-0ac924a84668]","调用 endpoint LoggingMiddleware":"处理完请求","耗时毫秒":10}
{"level":"debug","ts":1616489689595,"caller":"req/addAiDistortVO.go:49","msg":"[fa37e5c4-a698-51d8-9458-d918c8fde24e]"," 开始解析请求数据":{"appid":"222","domain":"/login","Payload":"/fdaf*","from":"app","remark":"app"}}
{"level":"debug","ts":1616489689606,"caller":"service/ai_middleware_log.go:38","msg":"[fa37e5c4-a698-51d8-9458-d918c8fde24e]","调用 AddAiDistort logMiddlewareServer":"AddAiDistort","req":{"appid":"222","domain":"/login","Payload":"/fdaf*","from":"app","remark":"app"},"res":null}
{"level":"debug","ts":1616489689607,"caller":"endpoint/ai_middleware.go:19","msg":"[fa37e5c4-a698-51d8-9458-d918c8fde24e]","调用 endpoint LoggingMiddleware":"处理完请求","耗时毫秒":10}
{"level":"debug","ts":1616489689616,"caller":"req/addAiDistortVO.go:49","msg":"[2dd0a019-e01c-50f4-84a4-757851ca83eb]"," 开始解析请求数据":{"appid":"222","domain":"/login","Payload":"/fdaf*","from":"app","remark":"app"}}
{"level":"debug","ts":1616489689627,"caller":"service/ai_middleware_log.go:38","msg":"[2dd0a019-e01c-50f4-84a4-757851ca83eb]","调用 AddAiDistort logMiddlewareServer":"AddAiDistort","req":{"appid":"222","domain":"/login","Payload":"/fdaf*","from":"app","remark":"app"},"res":null}
{"level":"debug","ts":1616489689629,"caller":"endpoint/ai_middleware.go:19","msg":"[2dd0a019-e01c-50f4-84a4-757851ca83eb]","调用 endpoint LoggingMiddleware":"处理完请求","耗时毫秒":11}
{"level":"debug","ts":1616489712981,"caller":"req/addAiDistortVO.go:49","msg":"[fcbe8950-db22-5fa4-ae9e-8d1b5b1b1dc3]"," 开始解析请求数据":{"appid":"222","domain":"/login","Payload":"/fdaf*","from":"app","remark":"app"}}
{"level":"debug","ts":1616489713000,"caller":"service/ai_middleware_log.go:38","msg":"[fcbe8950-db22-5fa4-ae9e-8d1b5b1b1dc3]","调用 AddAiDistort logMiddlewareServer":"AddAiDistort","req":{"appid":"222","domain":"/login","Payload":"/fdaf*","from":"app","remark":"app"},"res":null}
{"level":"debug","ts":1616489713003,"caller":"endpoint/ai_middleware.go:19","msg":"[fcbe8950-db22-5fa4-ae9e-8d1b5b1b1dc3]","调用 endpoint LoggingMiddleware":"处理完请求","耗时毫秒":19}
{"level":"debug","ts":1616489713024,"caller":"req/addAiDistortVO.go:49","msg":"[b5b02c10-79fd-504f-864e-939cf08a6261]"," 开始解析请求数据":{"appid":"222","domain":"/login","Payload":"/fdaf*","from":"app","remark":"app"}}
{"level":"debug","ts":1616489713034,"caller":"service/ai_middleware_log.go:38","msg":"[b5b02c10-79fd-504f-864e-939cf08a6261]","调用 AddAiDistort logMiddlewareServer":"AddAiDistort","req":{"appid":"222","domain":"/login","Payload":"/fdaf*","from":"app","remark":"app"},"res":null}
{"level":"debug","ts":1616489713035,"caller":"endpoint/ai_middleware.go:19","msg":"[b5b02c10-79fd-504f-864e-939cf08a6261]","调用 endpoint LoggingMiddleware":"处理完请求","耗时毫秒":8}
{"level":"debug","ts":1616489713045,"caller":"req/addAiDistortVO.go:49","msg":"[d10bf0bf-3d8f-5a83-ab5c-4944ff3850d9]"," 开始解析请求数据":{"appid":"222","domain":"/login","Payload":"/fdaf*","from":"app","remark":"app"}}
{"level":"debug","ts":1616489713055,"caller":"service/ai_middleware_log.go:38","msg":"[d10bf0bf-3d8f-5a83-ab5c-4944ff3850d9]","调用 AddAiDistort logMiddlewareServer":"AddAiDistort","req":{"appid":"222","domain":"/login","Payload":"/fdaf*","from":"app","remark":"app"},"res":null}
{"level":"debug","ts":1616489713056,"caller":"endpoint/ai_middleware.go:19","msg":"[d10bf0bf-3d8f-5a83-ab5c-4944ff3850d9]","调用 endpoint LoggingMiddleware":"处理完请求","耗时毫秒":9}
{"level":"debug","ts":1616489713074,"caller":"req/addAiDistortVO.go:49","msg":"[3d598a2c-e69b-5c5c-b2ed-5dae9c975522]"," 开始解析请求数据":{"appid":"222","domain":"/login","Payload":"/fdaf*","from":"app","remark":"app"}}
{"level":"debug","ts":1616489713082,"caller":"service/ai_middleware_log.go:38","msg":"[3d598a2c-e69b-5c5c-b2ed-5dae9c975522]","调用 AddAiDistort logMiddlewareServer":"AddAiDistort","req":{"appid":"222","domain":"/login","Payload":"/fdaf*","from":"app","remark":"app"},"res":null}
{"level":"debug","ts":1616489713083,"caller":"endpoint/ai_middleware.go:19","msg":"[3d598a2c-e69b-5c5c-b2ed-5dae9c975522]","调用 endpoint LoggingMiddleware":"处理完请求","耗时毫秒":6}
{"level":"debug","ts":1616489713095,"caller":"req/addAiDistortVO.go:49","msg":"[aeeb1e3d-c850-577f-8070-90eb906f5628]"," 开始解析请求数据":{"appid":"222","domain":"/login","Payload":"/fdaf*","from":"app","remark":"app"}}
{"level":"debug","ts":1616489713101,"caller":"service/ai_middleware_log.go:38","msg":"[aeeb1e3d-c850-577f-8070-90eb906f5628]","调用 AddAiDistort logMiddlewareServer":"AddAiDistort","req":{"appid":"222","domain":"/login","Payload":"/fdaf*","from":"app","remark":"app"},"res":null}
{"level":"debug","ts":1616489713103,"caller":"endpoint/ai_middleware.go:19","msg":"[aeeb1e3d-c850-577f-8070-90eb906f5628]","调用 endpoint LoggingMiddleware":"处理完请求","耗时毫秒":6}
{"level":"debug","ts":1616489826497,"caller":"req/addAiDistortVO.go:49","msg":"[47aec785-323b-5f3e-b5cc-7d92efc37253]"," 开始解析请求数据":{"appid":"222","domain":"/login","Payload":"/fdaf*","from":"app","remark":"app"}}
{"level":"debug","ts":1616489826511,"caller":"service/ai_middleware_log.go:38","msg":"[47aec785-323b-5f3e-b5cc-7d92efc37253]","调用 AddAiDistort logMiddlewareServer":"AddAiDistort","req":{"appid":"222","domain":"/login","Payload":"/fdaf*","from":"app","remark":"app"},"res":null}
{"level":"debug","ts":1616489826512,"caller":"endpoint/ai_middleware.go:19","msg":"[47aec785-323b-5f3e-b5cc-7d92efc37253]","调用 endpoint LoggingMiddleware":"处理完请求","耗时毫秒":13}
{"level":"debug","ts":1616489826525,"caller":"req/addAiDistortVO.go:49","msg":"[1c138594-fdd8-5b56-acd4-0ed569a41024]"," 开始解析请求数据":{"appid":"222","domain":"/login","Payload":"/fdaf*","from":"app","remark":"app"}}
{"level":"debug","ts":1616489826537,"caller":"service/ai_middleware_log.go:38","msg":"[1c138594-fdd8-5b56-acd4-0ed569a41024]","调用 AddAiDistort logMiddlewareServer":"AddAiDistort","req":{"appid":"222","domain":"/login","Payload":"/fdaf*","from":"app","remark":"app"},"res":null}
{"level":"debug","ts":1616489826538,"caller":"endpoint/ai_middleware.go:19","msg":"[1c138594-fdd8-5b56-acd4-0ed569a41024]","调用 endpoint LoggingMiddleware":"处理完请求","耗时毫秒":11}
{"level":"debug","ts":1616489826544,"caller":"req/addAiDistortVO.go:49","msg":"[e30e216f-9154-5d0f-8741-964b5de77a42]"," 开始解析请求数据":{"appid":"222","domain":"/login","Payload":"/fdaf*","from":"app","remark":"app"}}
{"level":"debug","ts":1616489826549,"caller":"service/ai_middleware_log.go:38","msg":"[e30e216f-9154-5d0f-8741-964b5de77a42]","调用 AddAiDistort logMiddlewareServer":"AddAiDistort","req":{"appid":"222","domain":"/login","Payload":"/fdaf*","from":"app","remark":"app"},"res":null}
{"level":"debug","ts":1616489826550,"caller":"endpoint/ai_middleware.go:19","msg":"[e30e216f-9154-5d0f-8741-964b5de77a42]","调用 endpoint LoggingMiddleware":"处理完请求","耗时毫秒":5}
{"level":"debug","ts":1616489826564,"caller":"req/addAiDistortVO.go:49","msg":"[1286f20f-60f3-56cb-bf95-33526630808e]"," 开始解析请求数据":{"appid":"222","domain":"/login","Payload":"/fdaf*","from":"app","remark":"app"}}
{"level":"debug","ts":1616489826571,"caller":"service/ai_middleware_log.go:38","msg":"[1286f20f-60f3-56cb-bf95-33526630808e]","调用 AddAiDistort logMiddlewareServer":"AddAiDistort","req":{"appid":"222","domain":"/login","Payload":"/fdaf*","from":"app","remark":"app"},"res":null}
{"level":"debug","ts":1616489826572,"caller":"endpoint/ai_middleware.go:19","msg":"[1286f20f-60f3-56cb-bf95-33526630808e]","调用 endpoint LoggingMiddleware":"处理完请求","耗时毫秒":7}
{"level":"debug","ts":1616489826579,"caller":"req/addAiDistortVO.go:49","msg":"[402f79a3-ac55-5433-9865-99196ee0dbe7]"," 开始解析请求数据":{"appid":"222","domain":"/login","Payload":"/fdaf*","from":"app","remark":"app"}}
{"level":"debug","ts":1616489826587,"caller":"service/ai_middleware_log.go:38","msg":"[402f79a3-ac55-5433-9865-99196ee0dbe7]","调用 AddAiDistort logMiddlewareServer":"AddAiDistort","req":{"appid":"222","domain":"/login","Payload":"/fdaf*","from":"app","remark":"app"},"res":null}
{"level":"debug","ts":1616489826589,"caller":"endpoint/ai_middleware.go:19","msg":"[402f79a3-ac55-5433-9865-99196ee0dbe7]","调用 endpoint LoggingMiddleware":"处理完请求","耗时毫秒":7}
{"level":"debug","ts":1616489837679,"caller":"Ai/main.go:158","msg":"err: ","error":"interrupt"}
{"level":"debug","ts":1616489847333,"caller":"req/addAiDistortVO.go:49","msg":"[3e3f9f69-e236-5459-8c5b-b2694a663e55]"," 开始解析请求数据":{"appid":"222","domain":"/login","Payload":"/fdaf*","from":"app","remark":"app"}}
{"level":"debug","ts":1616489847430,"caller":"service/ai_middleware_log.go:38","msg":"[3e3f9f69-e236-5459-8c5b-b2694a663e55]","调用 AddAiDistort logMiddlewareServer":"AddAiDistort","req":{"appid":"222","domain":"/login","Payload":"/fdaf*","from":"app","remark":"app"},"res":null}
{"level":"debug","ts":1616489847433,"caller":"endpoint/ai_middleware.go:19","msg":"[3e3f9f69-e236-5459-8c5b-b2694a663e55]","调用 endpoint LoggingMiddleware":"处理完请求","耗时毫秒":96}
{"level":"debug","ts":1616489847441,"caller":"req/addAiDistortVO.go:49","msg":"[decc3197-ab4c-5526-972c-c3232de489e3]"," 开始解析请求数据":{"appid":"222","domain":"/login","Payload":"/fdaf*","from":"app","remark":"app"}}
{"level":"debug","ts":1616489847459,"caller":"service/ai_middleware_log.go:38","msg":"[decc3197-ab4c-5526-972c-c3232de489e3]","调用 AddAiDistort logMiddlewareServer":"AddAiDistort","req":{"appid":"222","domain":"/login","Payload":"/fdaf*","from":"app","remark":"app"},"res":null}
{"level":"debug","ts":1616489847463,"caller":"endpoint/ai_middleware.go:19","msg":"[decc3197-ab4c-5526-972c-c3232de489e3]","调用 endpoint LoggingMiddleware":"处理完请求","耗时毫秒":20}
{"level":"debug","ts":1616489847476,"caller":"req/addAiDistortVO.go:49","msg":"[382abea8-2d6b-5381-95be-d6e669373fab]"," 开始解析请求数据":{"appid":"222","domain":"/login","Payload":"/fdaf*","from":"app","remark":"app"}}
{"level":"debug","ts":1616489847495,"caller":"service/ai_middleware_log.go:38","msg":"[382abea8-2d6b-5381-95be-d6e669373fab]","调用 AddAiDistort logMiddlewareServer":"AddAiDistort","req":{"appid":"222","domain":"/login","Payload":"/fdaf*","from":"app","remark":"app"},"res":null}
{"level":"debug","ts":1616489847503,"caller":"endpoint/ai_middleware.go:19","msg":"[382abea8-2d6b-5381-95be-d6e669373fab]","调用 endpoint LoggingMiddleware":"处理完请求","耗时毫秒":22}
{"level":"debug","ts":1616489847517,"caller":"req/addAiDistortVO.go:49","msg":"[10d43f27-d9a1-541f-8d00-ac48ab468667]"," 开始解析请求数据":{"appid":"222","domain":"/login","Payload":"/fdaf*","from":"app","remark":"app"}}
{"level":"debug","ts":1616489847534,"caller":"service/ai_middleware_log.go:38","msg":"[10d43f27-d9a1-541f-8d00-ac48ab468667]","调用 AddAiDistort logMiddlewareServer":"AddAiDistort","req":{"appid":"222","domain":"/login","Payload":"/fdaf*","from":"app","remark":"app"},"res":null}
{"level":"debug","ts":1616489847535,"caller":"endpoint/ai_middleware.go:19","msg":"[10d43f27-d9a1-541f-8d00-ac48ab468667]","调用 endpoint LoggingMiddleware":"处理完请求","耗时毫秒":16}
{"level":"debug","ts":1616489847549,"caller":"req/addAiDistortVO.go:49","msg":"[20dc72d3-a6c9-5a8a-b0f6-562e9e0354c4]"," 开始解析请求数据":{"appid":"222","domain":"/login","Payload":"/fdaf*","from":"app","remark":"app"}}
{"level":"debug","ts":1616489847590,"caller":"service/ai_middleware_log.go:38","msg":"[20dc72d3-a6c9-5a8a-b0f6-562e9e0354c4]","调用 AddAiDistort logMiddlewareServer":"AddAiDistort","req":{"appid":"222","domain":"/login","Payload":"/fdaf*","from":"app","remark":"app"},"res":null}
{"level":"debug","ts":1616489847592,"caller":"endpoint/ai_middleware.go:19","msg":"[20dc72d3-a6c9-5a8a-b0f6-562e9e0354c4]","调用 endpoint LoggingMiddleware":"处理完请求","耗时毫秒":40}
{"level":"debug","ts":1616489869362,"caller":"req/addAiDistortVO.go:49","msg":"[fb76075b-96cc-5398-94c9-05070cbbc250]"," 开始解析请求数据":{"appid":"222","domain":"/login","Payload":"/fdaf*","from":"app","remark":"app"}}
{"level":"debug","ts":1616489869370,"caller":"service/ai_middleware_log.go:38","msg":"[fb76075b-96cc-5398-94c9-05070cbbc250]","调用 AddAiDistort logMiddlewareServer":"AddAiDistort","req":{"appid":"222","domain":"/login","Payload":"/fdaf*","from":"app","remark":"app"},"res":null}
{"level":"debug","ts":1616489869373,"caller":"endpoint/ai_middleware.go:19","msg":"[fb76075b-96cc-5398-94c9-05070cbbc250]","调用 endpoint LoggingMiddleware":"处理完请求","耗时毫秒":9}
{"level":"debug","ts":1616489869387,"caller":"req/addAiDistortVO.go:49","msg":"[e4fa5bbf-f9af-59f0-8642-f43777c74ac1]"," 开始解析请求数据":{"appid":"222","domain":"/login","Payload":"/fdaf*","from":"app","remark":"app"}}
{"level":"debug","ts":1616489869396,"caller":"service/ai_middleware_log.go:38","msg":"[e4fa5bbf-f9af-59f0-8642-f43777c74ac1]","调用 AddAiDistort logMiddlewareServer":"AddAiDistort","req":{"appid":"222","domain":"/login","Payload":"/fdaf*","from":"app","remark":"app"},"res":null}
{"level":"debug","ts":1616489869397,"caller":"endpoint/ai_middleware.go:19","msg":"[e4fa5bbf-f9af-59f0-8642-f43777c74ac1]","调用 endpoint LoggingMiddleware":"处理完请求","耗时毫秒":8}
{"level":"debug","ts":1616489869408,"caller":"req/addAiDistortVO.go:49","msg":"[b8e56a5b-dd4a-5114-a675-6855c2d7092c]"," 开始解析请求数据":{"appid":"222","domain":"/login","Payload":"/fdaf*","from":"app","remark":"app"}}
{"level":"debug","ts":1616489869417,"caller":"service/ai_middleware_log.go:38","msg":"[b8e56a5b-dd4a-5114-a675-6855c2d7092c]","调用 AddAiDistort logMiddlewareServer":"AddAiDistort","req":{"appid":"222","domain":"/login","Payload":"/fdaf*","from":"app","remark":"app"},"res":null}
{"level":"debug","ts":1616489869418,"caller":"endpoint/ai_middleware.go:19","msg":"[b8e56a5b-dd4a-5114-a675-6855c2d7092c]","调用 endpoint LoggingMiddleware":"处理完请求","耗时毫秒":8}
{"level":"debug","ts":1616489869428,"caller":"req/addAiDistortVO.go:49","msg":"[7b7deb70-39ad-51eb-aa8b-62a33221be8a]"," 开始解析请求数据":{"appid":"222","domain":"/login","Payload":"/fdaf*","from":"app","remark":"app"}}
{"level":"debug","ts":1616489869439,"caller":"service/ai_middleware_log.go:38","msg":"[7b7deb70-39ad-51eb-aa8b-62a33221be8a]","调用 AddAiDistort logMiddlewareServer":"AddAiDistort","req":{"appid":"222","domain":"/login","Payload":"/fdaf*","from":"app","remark":"app"},"res":null}
{"level":"debug","ts":1616489869442,"caller":"endpoint/ai_middleware.go:19","msg":"[7b7deb70-39ad-51eb-aa8b-62a33221be8a]","调用 endpoint LoggingMiddleware":"处理完请求","耗时毫秒":12}
{"level":"debug","ts":1616489869453,"caller":"req/addAiDistortVO.go:49","msg":"[a0b7182c-1f87-54b6-b4f0-e7b378bd31b8]"," 开始解析请求数据":{"appid":"222","domain":"/login","Payload":"/fdaf*","from":"app","remark":"app"}}
{"level":"debug","ts":1616489869461,"caller":"service/ai_middleware_log.go:38","msg":"[a0b7182c-1f87-54b6-b4f0-e7b378bd31b8]","调用 AddAiDistort logMiddlewareServer":"AddAiDistort","req":{"appid":"222","domain":"/login","Payload":"/fdaf*","from":"app","remark":"app"},"res":null}
{"level":"debug","ts":1616489869463,"caller":"endpoint/ai_middleware.go:19","msg":"[a0b7182c-1f87-54b6-b4f0-e7b378bd31b8]","调用 endpoint LoggingMiddleware":"处理完请求","耗时毫秒":8}
{"level":"debug","ts":1616489892783,"caller":"Ai/main.go:158","msg":"err: ","error":"interrupt"}
{"level":"debug","ts":1616489930036,"caller":"AI/main.go:158","msg":"err: ","error":"interrupt"}
{"level":"debug","ts":1616490487387,"caller":"AI/main.go:158","msg":"err: ","error":"interrupt"}
{"level":"debug","ts":1616492731236,"caller":"req/addAiDistortVO.go:49","msg":"[84073c31-5e2c-56b9-aafe-dbd21c6ef309]"," 开始解析请求数据":{"appid":"222","domain":"/login","Payload":"/fdaf*","from":"app","remark":"app"}}
{"level":"debug","ts":1616492731283,"caller":"service/ai_middleware_log.go:38","msg":"[84073c31-5e2c-56b9-aafe-dbd21c6ef309]","调用 AddAiDistort logMiddlewareServer":"AddAiDistort","req":{"appid":"222","domain":"/login","Payload":"/fdaf*","from":"app","remark":"app"},"res":null}
{"level":"debug","ts":1616492731283,"caller":"endpoint/ai_middleware.go:19","msg":"[84073c31-5e2c-56b9-aafe-dbd21c6ef309]","调用 endpoint LoggingMiddleware":"处理完请求","耗时毫秒":45}
{"level":"debug","ts":1616492731288,"caller":"req/addAiDistortVO.go:49","msg":"[c1ec155e-15e2-540c-903a-f240ddccb4ab]"," 开始解析请求数据":{"appid":"222","domain":"/login","Payload":"/fdaf*","from":"app","remark":"app"}}
{"level":"debug","ts":1616492731297,"caller":"service/ai_middleware_log.go:38","msg":"[c1ec155e-15e2-540c-903a-f240ddccb4ab]","调用 AddAiDistort logMiddlewareServer":"AddAiDistort","req":{"appid":"222","domain":"/login","Payload":"/fdaf*","from":"app","remark":"app"},"res":null}
{"level":"debug","ts":1616492731297,"caller":"endpoint/ai_middleware.go:19","msg":"[c1ec155e-15e2-540c-903a-f240ddccb4ab]","调用 endpoint LoggingMiddleware":"处理完请求","耗时毫秒":7}
{"level":"debug","ts":1616492731301,"caller":"req/addAiDistortVO.go:49","msg":"[f20f03fe-86d6-53c3-804d-c3a9074bf8fe]"," 开始解析请求数据":{"appid":"222","domain":"/login","Payload":"/fdaf*","from":"app","remark":"app"}}
{"level":"debug","ts":1616492731306,"caller":"service/ai_middleware_log.go:38","msg":"[f20f03fe-86d6-53c3-804d-c3a9074bf8fe]","调用 AddAiDistort logMiddlewareServer":"AddAiDistort","req":{"appid":"222","domain":"/login","Payload":"/fdaf*","from":"app","remark":"app"},"res":null}
{"level":"debug","ts":1616492731306,"caller":"endpoint/ai_middleware.go:19","msg":"[f20f03fe-86d6-53c3-804d-c3a9074bf8fe]","调用 endpoint LoggingMiddleware":"处理完请求","耗时毫秒":5}
{"level":"debug","ts":1616492731310,"caller":"req/addAiDistortVO.go:49","msg":"[cd8ecd98-f64e-5ddf-8c4f-7d370c4f6408]"," 开始解析请求数据":{"appid":"222","domain":"/login","Payload":"/fdaf*","from":"app","remark":"app"}}
{"level":"debug","ts":1616492731315,"caller":"service/ai_middleware_log.go:38","msg":"[cd8ecd98-f64e-5ddf-8c4f-7d370c4f6408]","调用 AddAiDistort logMiddlewareServer":"AddAiDistort","req":{"appid":"222","domain":"/login","Payload":"/fdaf*","from":"app","remark":"app"},"res":null}
{"level":"debug","ts":1616492731315,"caller":"endpoint/ai_middleware.go:19","msg":"[cd8ecd98-f64e-5ddf-8c4f-7d370c4f6408]","调用 endpoint LoggingMiddleware":"处理完请求","耗时毫秒":4}
{"level":"debug","ts":1616492731318,"caller":"req/addAiDistortVO.go:49","msg":"[f1dbfffd-c12b-59d9-b038-4f68b4b9e295]"," 开始解析请求数据":{"appid":"222","domain":"/login","Payload":"/fdaf*","from":"app","remark":"app"}}
{"level":"debug","ts":1616492731322,"caller":"service/ai_middleware_log.go:38","msg":"[f1dbfffd-c12b-59d9-b038-4f68b4b9e295]","调用 AddAiDistort logMiddlewareServer":"AddAiDistort","req":{"appid":"222","domain":"/login","Payload":"/fdaf*","from":"app","remark":"app"},"res":null}
{"level":"debug","ts":1616492731323,"caller":"endpoint/ai_middleware.go:19","msg":"[f1dbfffd-c12b-59d9-b038-4f68b4b9e295]","调用 endpoint LoggingMiddleware":"处理完请求","耗时毫秒":4}
{"level":"debug","ts":1616494233225,"caller":"req/addAiDistortVO.go:49","msg":"[a324df9f-e5c6-5cc1-97d3-00b15d3baaca]"," 开始解析请求数据":{"appid":"222","domain":"/login","Payload":"/fdaf*","from":"app","remark":"app"}}
{"level":"debug","ts":1616494233235,"caller":"service/ai_middleware_log.go:38","msg":"[a324df9f-e5c6-5cc1-97d3-00b15d3baaca]","调用 AddAiDistort logMiddlewareServer":"AddAiDistort","req":{"appid":"222","domain":"/login","Payload":"/fdaf*","from":"app","remark":"app"},"res":null}
{"level":"debug","ts":1616494233235,"caller":"endpoint/ai_middleware.go:19","msg":"[a324df9f-e5c6-5cc1-97d3-00b15d3baaca]","调用 endpoint LoggingMiddleware":"处理完请求","耗时毫秒":9}
{"level":"debug","ts":1616494233240,"caller":"req/addAiDistortVO.go:49","msg":"[29cfbc08-e865-54f7-b096-eb57ed328dd0]"," 开始解析请求数据":{"appid":"222","domain":"/login","Payload":"/fdaf*","from":"app","remark":"app"}}
{"level":"debug","ts":1616494233245,"caller":"service/ai_middleware_log.go:38","msg":"[29cfbc08-e865-54f7-b096-eb57ed328dd0]","调用 AddAiDistort logMiddlewareServer":"AddAiDistort","req":{"appid":"222","domain":"/login","Payload":"/fdaf*","from":"app","remark":"app"},"res":null}
{"level":"debug","ts":1616494233245,"caller":"endpoint/ai_middleware.go:19","msg":"[29cfbc08-e865-54f7-b096-eb57ed328dd0]","调用 endpoint LoggingMiddleware":"处理完请求","耗时毫秒":3}
{"level":"debug","ts":1616494233248,"caller":"req/addAiDistortVO.go:49","msg":"[8de28205-a127-533e-9c3f-7eeedea1cec5]"," 开始解析请求数据":{"appid":"222","domain":"/login","Payload":"/fdaf*","from":"app","remark":"app"}}
{"level":"debug","ts":1616494233252,"caller":"service/ai_middleware_log.go:38","msg":"[8de28205-a127-533e-9c3f-7eeedea1cec5]","调用 AddAiDistort logMiddlewareServer":"AddAiDistort","req":{"appid":"222","domain":"/login","Payload":"/fdaf*","from":"app","remark":"app"},"res":null}
{"level":"debug","ts":1616494233252,"caller":"endpoint/ai_middleware.go:19","msg":"[8de28205-a127-533e-9c3f-7eeedea1cec5]","调用 endpoint LoggingMiddleware":"处理完请求","耗时毫秒":3}
{"level":"debug","ts":1616494233258,"caller":"req/addAiDistortVO.go:49","msg":"[535f1fbd-b834-59bf-83cb-2479292c6944]"," 开始解析请求数据":{"appid":"222","domain":"/login","Payload":"/fdaf*","from":"app","remark":"app"}}
{"level":"debug","ts":1616494233275,"caller":"service/ai_middleware_log.go:38","msg":"[535f1fbd-b834-59bf-83cb-2479292c6944]","调用 AddAiDistort logMiddlewareServer":"AddAiDistort","req":{"appid":"222","domain":"/login","Payload":"/fdaf*","from":"app","remark":"app"},"res":null}
{"level":"debug","ts":1616494233276,"caller":"endpoint/ai_middleware.go:19","msg":"[535f1fbd-b834-59bf-83cb-2479292c6944]","调用 endpoint LoggingMiddleware":"处理完请求","耗时毫秒":17}
{"level":"debug","ts":1616494233280,"caller":"req/addAiDistortVO.go:49","msg":"[f823edc7-b7f5-5c82-873a-d51f814e30a6]"," 开始解析请求数据":{"appid":"222","domain":"/login","Payload":"/fdaf*","from":"app","remark":"app"}}
{"level":"debug","ts":1616494233284,"caller":"service/ai_middleware_log.go:38","msg":"[f823edc7-b7f5-5c82-873a-d51f814e30a6]","调用 AddAiDistort logMiddlewareServer":"AddAiDistort","req":{"appid":"222","domain":"/login","Payload":"/fdaf*","from":"app","remark":"app"},"res":null}
{"level":"debug","ts":1616494233284,"caller":"endpoint/ai_middleware.go:19","msg":"[f823edc7-b7f5-5c82-873a-d51f814e30a6]","调用 endpoint LoggingMiddleware":"处理完请求","耗时毫秒":3}
{"level":"debug","ts":1616494414921,"caller":"AI/main.go:158","msg":"err: ","error":"interrupt"}
{"level":"debug","ts":1616494588258,"caller":"req/addAiDistortVO.go:49","msg":"[ca99d6f1-e2fe-5e4f-a0d7-d6b9d2725dba]"," 开始解析请求数据":{"appid":"222","domain":"/login","Payload":"/fdaf*","from":"app","remark":"app"}}
{"level":"debug","ts":1616494588301,"caller":"service/ai_middleware_log.go:38","msg":"[ca99d6f1-e2fe-5e4f-a0d7-d6b9d2725dba]","调用 AddAiDistort logMiddlewareServer":"AddAiDistort","req":{"appid":"222","domain":"/login","Payload":"/fdaf*","from":"app","remark":"app"},"res":null}
{"level":"debug","ts":1616494588301,"caller":"endpoint/ai_middleware.go:19","msg":"[ca99d6f1-e2fe-5e4f-a0d7-d6b9d2725dba]","调用 endpoint LoggingMiddleware":"处理完请求","耗时毫秒":41}
{"level":"debug","ts":1616494588308,"caller":"req/addAiDistortVO.go:49","msg":"[675dbdef-f165-5dfd-a665-fed14c29329a]"," 开始解析请求数据":{"appid":"222","domain":"/login","Payload":"/fdaf*","from":"app","remark":"app"}}
{"level":"debug","ts":1616494588314,"caller":"service/ai_middleware_log.go:38","msg":"[675dbdef-f165-5dfd-a665-fed14c29329a]","调用 AddAiDistort logMiddlewareServer":"AddAiDistort","req":{"appid":"222","domain":"/login","Payload":"/fdaf*","from":"app","remark":"app"},"res":null}
{"level":"debug","ts":1616494588315,"caller":"endpoint/ai_middleware.go:19","msg":"[675dbdef-f165-5dfd-a665-fed14c29329a]","调用 endpoint LoggingMiddleware":"处理完请求","耗时毫秒":6}
{"level":"debug","ts":1616494588319,"caller":"req/addAiDistortVO.go:49","msg":"[570e9912-2631-5753-95b5-27044c186eec]"," 开始解析请求数据":{"appid":"222","domain":"/login","Payload":"/fdaf*","from":"app","remark":"app"}}
{"level":"debug","ts":1616494588322,"caller":"service/ai_middleware_log.go:38","msg":"[570e9912-2631-5753-95b5-27044c186eec]","调用 AddAiDistort logMiddlewareServer":"AddAiDistort","req":{"appid":"222","domain":"/login","Payload":"/fdaf*","from":"app","remark":"app"},"res":null}
{"level":"debug","ts":1616494588322,"caller":"endpoint/ai_middleware.go:19","msg":"[570e9912-2631-5753-95b5-27044c186eec]","调用 endpoint LoggingMiddleware":"处理完请求","耗时毫秒":2}
{"level":"debug","ts":1616494588325,"caller":"req/addAiDistortVO.go:49","msg":"[176e3f5a-e511-5629-bb4d-c924028570df]"," 开始解析请求数据":{"appid":"222","domain":"/login","Payload":"/fdaf*","from":"app","remark":"app"}}
{"level":"debug","ts":1616494588329,"caller":"service/ai_middleware_log.go:38","msg":"[176e3f5a-e511-5629-bb4d-c924028570df]","调用 AddAiDistort logMiddlewareServer":"AddAiDistort","req":{"appid":"222","domain":"/login","Payload":"/fdaf*","from":"app","remark":"app"},"res":null}
{"level":"debug","ts":1616494588329,"caller":"endpoint/ai_middleware.go:19","msg":"[176e3f5a-e511-5629-bb4d-c924028570df]","调用 endpoint LoggingMiddleware":"处理完请求","耗时毫秒":3}
{"level":"debug","ts":1616494588332,"caller":"req/addAiDistortVO.go:49","msg":"[0a1a203d-d9e4-55e1-877e-f586903fa78e]"," 开始解析请求数据":{"appid":"222","domain":"/login","Payload":"/fdaf*","from":"app","remark":"app"}}
{"level":"debug","ts":1616494588336,"caller":"service/ai_middleware_log.go:38","msg":"[0a1a203d-d9e4-55e1-877e-f586903fa78e]","调用 AddAiDistort logMiddlewareServer":"AddAiDistort","req":{"appid":"222","domain":"/login","Payload":"/fdaf*","from":"app","remark":"app"},"res":null}
{"level":"debug","ts":1616494588337,"caller":"endpoint/ai_middleware.go:19","msg":"[0a1a203d-d9e4-55e1-877e-f586903fa78e]","调用 endpoint LoggingMiddleware":"处理完请求","耗时毫秒":4}
{"level":"debug","ts":1616494607043,"caller":"AI/main.go:158","msg":"err: ","error":"interrupt"}
{"level":"debug","ts":1616555509542,"caller":"req/addAiDistortVO.go:49","msg":"[1c132efd-9fbd-5df8-947f-22e732b38d3c]"," 开始解析请求数据":{"appid":"222","domain":"/login","Payload":"/fdaf*","from":"app","remark":"app"}}
{"level":"debug","ts":1616555509595,"caller":"service/ai_middleware_log.go:38","msg":"[1c132efd-9fbd-5df8-947f-22e732b38d3c]","调用 AddAiDistort logMiddlewareServer":"AddAiDistort","req":{"appid":"222","domain":"/login","Payload":"/fdaf*","from":"app","remark":"app"},"res":null}
{"level":"debug","ts":1616555509596,"caller":"endpoint/ai_middleware.go:19","msg":"[1c132efd-9fbd-5df8-947f-22e732b38d3c]","调用 endpoint LoggingMiddleware":"处理完请求","耗时毫秒":52}
{"level":"debug","ts":1616555509610,"caller":"req/addAiDistortVO.go:49","msg":"[8c4f0322-4ed3-559c-86c4-16ff04ede097]"," 开始解析请求数据":{"appid":"222","domain":"/login","Payload":"/fdaf*","from":"app","remark":"app"}}
{"level":"debug","ts":1616555509616,"caller":"service/ai_middleware_log.go:38","msg":"[8c4f0322-4ed3-559c-86c4-16ff04ede097]","调用 AddAiDistort logMiddlewareServer":"AddAiDistort","req":{"appid":"222","domain":"/login","Payload":"/fdaf*","from":"app","remark":"app"},"res":null}
{"level":"debug","ts":1616555509616,"caller":"endpoint/ai_middleware.go:19","msg":"[8c4f0322-4ed3-559c-86c4-16ff04ede097]","调用 endpoint LoggingMiddleware":"处理完请求","耗时毫秒":5}
{"level":"debug","ts":1616555509625,"caller":"req/addAiDistortVO.go:49","msg":"[b05cd3bd-f49b-57f4-b6eb-d076dec81463]"," 开始解析请求数据":{"appid":"222","domain":"/login","Payload":"/fdaf*","from":"app","remark":"app"}}
{"level":"debug","ts":1616555509630,"caller":"service/ai_middleware_log.go:38","msg":"[b05cd3bd-f49b-57f4-b6eb-d076dec81463]","调用 AddAiDistort logMiddlewareServer":"AddAiDistort","req":{"appid":"222","domain":"/login","Payload":"/fdaf*","from":"app","remark":"app"},"res":null}
{"level":"debug","ts":1616555509630,"caller":"endpoint/ai_middleware.go:19","msg":"[b05cd3bd-f49b-57f4-b6eb-d076dec81463]","调用 endpoint LoggingMiddleware":"处理完请求","耗时毫秒":5}
{"level":"debug","ts":1616555509635,"caller":"req/addAiDistortVO.go:49","msg":"[a00b9515-d831-5d75-85a0-df34c6fda557]"," 开始解析请求数据":{"appid":"222","domain":"/login","Payload":"/fdaf*","from":"app","remark":"app"}}
{"level":"debug","ts":1616555509641,"caller":"service/ai_middleware_log.go:38","msg":"[a00b9515-d831-5d75-85a0-df34c6fda557]","调用 AddAiDistort logMiddlewareServer":"AddAiDistort","req":{"appid":"222","domain":"/login","Payload":"/fdaf*","from":"app","remark":"app"},"res":null}
{"level":"debug","ts":1616555509641,"caller":"endpoint/ai_middleware.go:19","msg":"[a00b9515-d831-5d75-85a0-df34c6fda557]","调用 endpoint LoggingMiddleware":"处理完请求","耗时毫秒":5}
{"level":"debug","ts":1616555509648,"caller":"req/addAiDistortVO.go:49","msg":"[4678b1b0-5a2f-598b-b115-888410bb488f]"," 开始解析请求数据":{"appid":"222","domain":"/login","Payload":"/fdaf*","from":"app","remark":"app"}}
{"level":"debug","ts":1616555509653,"caller":"service/ai_middleware_log.go:38","msg":"[4678b1b0-5a2f-598b-b115-888410bb488f]","调用 AddAiDistort logMiddlewareServer":"AddAiDistort","req":{"appid":"222","domain":"/login","Payload":"/fdaf*","from":"app","remark":"app"},"res":null}
{"level":"debug","ts":1616555509653,"caller":"endpoint/ai_middleware.go:19","msg":"[4678b1b0-5a2f-598b-b115-888410bb488f]","调用 endpoint LoggingMiddleware":"处理完请求","耗时毫秒":4}
{"level":"debug","ts":1616556242047,"caller":"AI/main.go:168","msg":"err: ","error":"interrupt"}
